<?xml version="1.0" encoding="UTF-8"?>
<!-- Generated by org.testng.reporters.JUnitReportReporter -->
<testsuite hostname="LAPTOP-PB5O03D2" failures="0" tests="1" name="scenarios.LoginTest" time="8.021" errors="0" timestamp="2021-08-19T14:51:00 EDT" skipped="0">
  <testcase classname="scenarios.LoginTest" name="LoginTest" time="8.021"/>
  <system-out/>
</testsuite> <!-- scenarios.LoginTest -->
