<?xml version="1.0" encoding="UTF-8"?>
<!-- Generated by org.testng.reporters.JUnitReportReporter -->
<testsuite hostname="LAPTOP-PB5O03D2" failures="0" tests="1" name="scenarios.LoginTest" time="10.743" errors="0" timestamp="2021-08-16T14:55:20 EDT" skipped="0">
  <testcase classname="scenarios.LoginTest" name="LoginTest" time="10.743"/>
  <system-out/>
</testsuite> <!-- scenarios.LoginTest -->
